DEBUG:urllib3.connectionpool:Starting new HTTPS connection (1): data-live.flightradar24.com:443
INFO:werkzeug:[31m[1mWARNING: This is a development server. Do not use it in a production deployment. Use a production WSGI server instead.[0m
 * Running on http://127.0.0.1:5000
INFO:werkzeug:[33mPress CTRL+C to quit[0m
DEBUG:urllib3.connectionpool:https://data-live.flightradar24.com:443 "GET /clickhandler/?flight=3308e49b HTTP/1.1" 200 None
DEBUG:urllib3.connectionpool:Starting new HTTPS connection (1): data-live.flightradar24.com:443
DEBUG:urllib3.connectionpool:https://data-live.flightradar24.com:443 "GET /clickhandler/?flight=3308e49b HTTP/1.1" 200 None
INFO:werkzeug:127.0.0.1 - - [30/Nov/2023 23:47:46] "[33mGET / HTTP/1.1[0m" 404 -
DEBUG:urllib3.connectionpool:Starting new HTTPS connection (1): data-live.flightradar24.com:443
DEBUG:urllib3.connectionpool:https://data-live.flightradar24.com:443 "GET /clickhandler/?flight=3308e49b HTTP/1.1" 200 None
DEBUG:urllib3.connectionpool:Starting new HTTPS connection (1): data-live.flightradar24.com:443
INFO:werkzeug:[31m[1mWARNING: This is a development server. Do not use it in a production deployment. Use a production WSGI server instead.[0m
 * Running on http://127.0.0.1:5000
INFO:werkzeug:[33mPress CTRL+C to quit[0m
DEBUG:urllib3.connectionpool:https://data-live.flightradar24.com:443 "GET /clickhandler/?flight=3308e49b HTTP/1.1" 200 None
DEBUG:urllib3.connectionpool:Starting new HTTPS connection (1): data-live.flightradar24.com:443
DEBUG:urllib3.connectionpool:https://data-live.flightradar24.com:443 "GET /clickhandler/?flight=3308e49b HTTP/1.1" 200 None
DEBUG:urllib3.connectionpool:Starting new HTTPS connection (1): data-live.flightradar24.com:443
DEBUG:urllib3.connectionpool:https://data-live.flightradar24.com:443 "GET /clickhandler/?flight=3308e49b HTTP/1.1" 200 None
INFO:werkzeug:127.0.0.1 - - [30/Nov/2023 23:48:43] "GET /3308e49b HTTP/1.1" 200 -
DEBUG:urllib3.connectionpool:Starting new HTTPS connection (1): data-live.flightradar24.com:443
DEBUG:urllib3.connectionpool:https://data-live.flightradar24.com:443 "GET /clickhandler/?flight=3308e49b HTTP/1.1" 200 None
DEBUG:urllib3.connectionpool:Starting new HTTPS connection (1): data-live.flightradar24.com:443
DEBUG:urllib3.connectionpool:https://data-live.flightradar24.com:443 "GET /clickhandler/?flight=3308e49b HTTP/1.1" 200 None
DEBUG:urllib3.connectionpool:Starting new HTTPS connection (1): data-live.flightradar24.com:443
DEBUG:urllib3.connectionpool:https://data-live.flightradar24.com:443 "GET /clickhandler/?flight=3308e49b HTTP/1.1" 200 None
DEBUG:urllib3.connectionpool:Starting new HTTPS connection (1): data-live.flightradar24.com:443
INFO:werkzeug:[31m[1mWARNING: This is a development server. Do not use it in a production deployment. Use a production WSGI server instead.[0m
 * Running on http://127.0.0.1:5000
INFO:werkzeug:[33mPress CTRL+C to quit[0m
DEBUG:urllib3.connectionpool:https://data-live.flightradar24.com:443 "GET /clickhandler/?flight=3308e49b HTTP/1.1" 200 None
INFO:werkzeug:127.0.0.1 - - [30/Nov/2023 23:53:21] "GET /3308e49b/status HTTP/1.1" 200 -
DEBUG:urllib3.connectionpool:Starting new HTTPS connection (1): data-live.flightradar24.com:443
DEBUG:urllib3.connectionpool:https://data-live.flightradar24.com:443 "GET /clickhandler/?flight=3308e49b HTTP/1.1" 200 None
DEBUG:urllib3.connectionpool:Starting new HTTPS connection (1): data-live.flightradar24.com:443
INFO:werkzeug:[31m[1mWARNING: This is a development server. Do not use it in a production deployment. Use a production WSGI server instead.[0m
 * Running on http://127.0.0.1:5000
INFO:werkzeug:[33mPress CTRL+C to quit[0m
DEBUG:urllib3.connectionpool:https://data-live.flightradar24.com:443 "GET /clickhandler/?flight=3308e49b HTTP/1.1" 200 None
INFO:werkzeug:127.0.0.1 - - [01/Dec/2023 00:00:25] "GET /3308e49b/info HTTP/1.1" 200 -
DEBUG:urllib3.connectionpool:Starting new HTTPS connection (1): data-live.flightradar24.com:443
DEBUG:urllib3.connectionpool:https://data-live.flightradar24.com:443 "GET /clickhandler/?flight=3308e49b HTTP/1.1" 200 None
DEBUG:urllib3.connectionpool:Starting new HTTPS connection (1): data-live.flightradar24.com:443
DEBUG:urllib3.connectionpool:https://data-live.flightradar24.com:443 "GET /clickhandler/?flight=3308e49b HTTP/1.1" 200 None
DEBUG:urllib3.connectionpool:Starting new HTTPS connection (1): data-live.flightradar24.com:443
DEBUG:urllib3.connectionpool:https://data-live.flightradar24.com:443 "GET /clickhandler/?flight=3308e49b HTTP/1.1" 200 None
INFO:werkzeug:127.0.0.1 - - [01/Dec/2023 00:00:50] "GET /3308e49b/status HTTP/1.1" 200 -
