DEBUG:urllib3.connectionpool:Starting new HTTPS connection (1): www.flightradar24.com:443
DEBUG:urllib3.connectionpool:https://www.flightradar24.com:443 "GET /js/zones.js.php HTTP/1.1" 200 None
DEBUG:urllib3.connectionpool:Starting new HTTPS connection (1): www.flightradar24.com:443
DEBUG:urllib3.connectionpool:https://www.flightradar24.com:443 "GET /js/zones.js.php HTTP/1.1" 200 None
DEBUG:urllib3.connectionpool:Starting new HTTPS connection (1): data-cloud.flightradar24.com:443
DEBUG:urllib3.connectionpool:https://data-cloud.flightradar24.com:443 "GET /zones/fcgi/feed.js?faa=1&satellite=1&mlat=1&flarm=1&adsb=1&gnd=1&air=1&vehicles=1&estimated=1&maxage=14400&gliders=1&stats=1&limit=5000&bounds=72.57%2C33.57%2C-16.96%2C53.05 HTTP/1.1" 200 None
DEBUG:urllib3.connectionpool:Starting new HTTPS connection (1): www.flightradar24.com:443
DEBUG:urllib3.connectionpool:https://www.flightradar24.com:443 "GET /js/zones.js.php HTTP/1.1" 200 None
DEBUG:urllib3.connectionpool:Starting new HTTPS connection (1): data-cloud.flightradar24.com:443
DEBUG:urllib3.connectionpool:https://data-cloud.flightradar24.com:443 "GET /zones/fcgi/feed.js?faa=1&satellite=1&mlat=1&flarm=1&adsb=1&gnd=1&air=1&vehicles=1&estimated=1&maxage=14400&gliders=1&stats=1&limit=5000&bounds=75%2C3%2C-180%2C-52 HTTP/1.1" 200 None
DEBUG:urllib3.connectionpool:Starting new HTTPS connection (1): www.flightradar24.com:443
DEBUG:urllib3.connectionpool:https://www.flightradar24.com:443 "GET /js/zones.js.php HTTP/1.1" 200 None
DEBUG:urllib3.connectionpool:Starting new HTTPS connection (1): data-cloud.flightradar24.com:443
DEBUG:urllib3.connectionpool:https://data-cloud.flightradar24.com:443 "GET /zones/fcgi/feed.js?faa=1&satellite=1&mlat=1&flarm=1&adsb=1&gnd=1&air=1&vehicles=1&estimated=1&maxage=14400&gliders=1&stats=1&limit=5000&bounds=16%2C-57%2C-96%2C-31 HTTP/1.1" 200 None
DEBUG:urllib3.connectionpool:Starting new HTTPS connection (1): www.flightradar24.com:443
DEBUG:urllib3.connectionpool:https://www.flightradar24.com:443 "GET /js/zones.js.php HTTP/1.1" 200 None
DEBUG:urllib3.connectionpool:Starting new HTTPS connection (1): data-cloud.flightradar24.com:443
DEBUG:urllib3.connectionpool:https://data-cloud.flightradar24.com:443 "GET /zones/fcgi/feed.js?faa=1&satellite=1&mlat=1&flarm=1&adsb=1&gnd=1&air=1&vehicles=1&estimated=1&maxage=14400&gliders=1&stats=1&limit=5000&bounds=19.62%2C-55.08%2C88.4%2C180 HTTP/1.1" 200 None
DEBUG:urllib3.connectionpool:Starting new HTTPS connection (1): www.flightradar24.com:443
DEBUG:urllib3.connectionpool:https://www.flightradar24.com:443 "GET /js/zones.js.php HTTP/1.1" 200 None
DEBUG:urllib3.connectionpool:Starting new HTTPS connection (1): data-cloud.flightradar24.com:443
DEBUG:urllib3.connectionpool:https://data-cloud.flightradar24.com:443 "GET /zones/fcgi/feed.js?faa=1&satellite=1&mlat=1&flarm=1&adsb=1&gnd=1&air=1&vehicles=1&estimated=1&maxage=14400&gliders=1&stats=1&limit=5000&bounds=79.98%2C12.48%2C40.91%2C179.77 HTTP/1.1" 200 None
DEBUG:urllib3.connectionpool:Starting new HTTPS connection (1): www.flightradar24.com:443
DEBUG:urllib3.connectionpool:https://www.flightradar24.com:443 "GET /js/zones.js.php HTTP/1.1" 200 None
DEBUG:urllib3.connectionpool:Starting new HTTPS connection (1): data-cloud.flightradar24.com:443
DEBUG:urllib3.connectionpool:https://data-cloud.flightradar24.com:443 "GET /zones/fcgi/feed.js?faa=1&satellite=1&mlat=1&flarm=1&adsb=1&gnd=1&air=1&vehicles=1&estimated=1&maxage=14400&gliders=1&stats=1&limit=5000&bounds=39%2C-39%2C-29%2C55 HTTP/1.1" 200 None
DEBUG:urllib3.connectionpool:Starting new HTTPS connection (1): www.flightradar24.com:443
DEBUG:urllib3.connectionpool:https://www.flightradar24.com:443 "GET /airports/traffic-stats/?airport=TFN HTTP/1.1" 200 None
DEBUG:urllib3.connectionpool:Starting new HTTPS connection (1): www.flightradar24.com:443
DEBUG:urllib3.connectionpool:https://www.flightradar24.com:443 "GET /airports/traffic-stats/?airport=BCN HTTP/1.1" 200 None
DEBUG:urllib3.connectionpool:Starting new HTTPS connection (1): data-live.flightradar24.com:443
INFO:werkzeug:[31m[1mWARNING: This is a development server. Do not use it in a production deployment. Use a production WSGI server instead.[0m
 * Running on http://127.0.0.1:5000
INFO:werkzeug:[33mPress CTRL+C to quit[0m
DEBUG:urllib3.connectionpool:https://data-live.flightradar24.com:443 "GET /clickhandler/?flight=32fddfdf HTTP/1.1" 200 None
DEBUG:urllib3.connectionpool:Starting new HTTPS connection (1): data-live.flightradar24.com:443
DEBUG:urllib3.connectionpool:https://data-live.flightradar24.com:443 "GET /clickhandler/?flight=32fddfdf HTTP/1.1" 200 None
DEBUG:urllib3.connectionpool:Starting new HTTPS connection (1): data-live.flightradar24.com:443
DEBUG:urllib3.connectionpool:https://data-live.flightradar24.com:443 "GET /clickhandler/?flight=32fddfdf HTTP/1.1" 200 None
DEBUG:urllib3.connectionpool:Starting new HTTPS connection (1): data-live.flightradar24.com:443
DEBUG:urllib3.connectionpool:https://data-live.flightradar24.com:443 "GET /clickhandler/?flight=32fddfdf HTTP/1.1" 200 None
DEBUG:urllib3.connectionpool:Starting new HTTPS connection (1): data-live.flightradar24.com:443
DEBUG:urllib3.connectionpool:https://data-live.flightradar24.com:443 "GET /clickhandler/?flight=32fddfdf HTTP/1.1" 200 None
DEBUG:urllib3.connectionpool:Starting new HTTPS connection (1): data-live.flightradar24.com:443
DEBUG:urllib3.connectionpool:https://data-live.flightradar24.com:443 "GET /clickhandler/?flight=32fddfdf HTTP/1.1" 200 None
DEBUG:urllib3.connectionpool:Starting new HTTPS connection (1): data-live.flightradar24.com:443
DEBUG:urllib3.connectionpool:https://data-live.flightradar24.com:443 "GET /clickhandler/?flight=32fddfdf HTTP/1.1" 200 None
DEBUG:urllib3.connectionpool:Starting new HTTPS connection (1): data-live.flightradar24.com:443
DEBUG:urllib3.connectionpool:https://data-live.flightradar24.com:443 "GET /clickhandler/?flight=32fddfdf HTTP/1.1" 200 None
DEBUG:urllib3.connectionpool:Starting new HTTPS connection (1): data-live.flightradar24.com:443
DEBUG:urllib3.connectionpool:https://data-live.flightradar24.com:443 "GET /clickhandler/?flight=32fddfdf HTTP/1.1" 200 None
DEBUG:urllib3.connectionpool:Starting new HTTPS connection (1): data-live.flightradar24.com:443
DEBUG:urllib3.connectionpool:https://data-live.flightradar24.com:443 "GET /clickhandler/?flight=32fddfdf HTTP/1.1" 200 None
DEBUG:urllib3.connectionpool:Starting new HTTPS connection (1): data-live.flightradar24.com:443
DEBUG:urllib3.connectionpool:https://data-live.flightradar24.com:443 "GET /clickhandler/?flight=32fddfdf HTTP/1.1" 200 None
DEBUG:urllib3.connectionpool:Starting new HTTPS connection (1): data-live.flightradar24.com:443
DEBUG:urllib3.connectionpool:https://data-live.flightradar24.com:443 "GET /clickhandler/?flight=32fddfdf HTTP/1.1" 200 None
DEBUG:urllib3.connectionpool:Starting new HTTPS connection (1): www.flightradar24.com:443
DEBUG:urllib3.connectionpool:https://www.flightradar24.com:443 "GET /js/zones.js.php HTTP/1.1" 200 None
DEBUG:urllib3.connectionpool:Starting new HTTPS connection (1): www.flightradar24.com:443
DEBUG:urllib3.connectionpool:https://www.flightradar24.com:443 "GET /js/zones.js.php HTTP/1.1" 200 None
DEBUG:urllib3.connectionpool:Starting new HTTPS connection (1): data-cloud.flightradar24.com:443
DEBUG:urllib3.connectionpool:https://data-cloud.flightradar24.com:443 "GET /zones/fcgi/feed.js?faa=1&satellite=1&mlat=1&flarm=1&adsb=1&gnd=1&air=1&vehicles=1&estimated=1&maxage=14400&gliders=1&stats=1&limit=5000&bounds=72.57%2C33.57%2C-16.96%2C53.05 HTTP/1.1" 200 None
DEBUG:urllib3.connectionpool:Starting new HTTPS connection (1): www.flightradar24.com:443
DEBUG:urllib3.connectionpool:https://www.flightradar24.com:443 "GET /js/zones.js.php HTTP/1.1" 200 None
DEBUG:urllib3.connectionpool:Starting new HTTPS connection (1): data-cloud.flightradar24.com:443
DEBUG:urllib3.connectionpool:https://data-cloud.flightradar24.com:443 "GET /zones/fcgi/feed.js?faa=1&satellite=1&mlat=1&flarm=1&adsb=1&gnd=1&air=1&vehicles=1&estimated=1&maxage=14400&gliders=1&stats=1&limit=5000&bounds=75%2C3%2C-180%2C-52 HTTP/1.1" 200 None
DEBUG:urllib3.connectionpool:Starting new HTTPS connection (1): www.flightradar24.com:443
DEBUG:urllib3.connectionpool:https://www.flightradar24.com:443 "GET /js/zones.js.php HTTP/1.1" 200 None
DEBUG:urllib3.connectionpool:Starting new HTTPS connection (1): data-cloud.flightradar24.com:443
DEBUG:urllib3.connectionpool:https://data-cloud.flightradar24.com:443 "GET /zones/fcgi/feed.js?faa=1&satellite=1&mlat=1&flarm=1&adsb=1&gnd=1&air=1&vehicles=1&estimated=1&maxage=14400&gliders=1&stats=1&limit=5000&bounds=16%2C-57%2C-96%2C-31 HTTP/1.1" 200 None
DEBUG:urllib3.connectionpool:Starting new HTTPS connection (1): www.flightradar24.com:443
DEBUG:urllib3.connectionpool:https://www.flightradar24.com:443 "GET /js/zones.js.php HTTP/1.1" 200 None
DEBUG:urllib3.connectionpool:Starting new HTTPS connection (1): data-cloud.flightradar24.com:443
DEBUG:urllib3.connectionpool:https://data-cloud.flightradar24.com:443 "GET /zones/fcgi/feed.js?faa=1&satellite=1&mlat=1&flarm=1&adsb=1&gnd=1&air=1&vehicles=1&estimated=1&maxage=14400&gliders=1&stats=1&limit=5000&bounds=19.62%2C-55.08%2C88.4%2C180 HTTP/1.1" 200 None
DEBUG:urllib3.connectionpool:Starting new HTTPS connection (1): www.flightradar24.com:443
DEBUG:urllib3.connectionpool:https://www.flightradar24.com:443 "GET /js/zones.js.php HTTP/1.1" 200 None
DEBUG:urllib3.connectionpool:Starting new HTTPS connection (1): data-cloud.flightradar24.com:443
DEBUG:urllib3.connectionpool:https://data-cloud.flightradar24.com:443 "GET /zones/fcgi/feed.js?faa=1&satellite=1&mlat=1&flarm=1&adsb=1&gnd=1&air=1&vehicles=1&estimated=1&maxage=14400&gliders=1&stats=1&limit=5000&bounds=79.98%2C12.48%2C40.91%2C179.77 HTTP/1.1" 200 None
DEBUG:urllib3.connectionpool:Starting new HTTPS connection (1): www.flightradar24.com:443
DEBUG:urllib3.connectionpool:https://www.flightradar24.com:443 "GET /js/zones.js.php HTTP/1.1" 200 None
DEBUG:urllib3.connectionpool:Starting new HTTPS connection (1): data-cloud.flightradar24.com:443
DEBUG:urllib3.connectionpool:https://data-cloud.flightradar24.com:443 "GET /zones/fcgi/feed.js?faa=1&satellite=1&mlat=1&flarm=1&adsb=1&gnd=1&air=1&vehicles=1&estimated=1&maxage=14400&gliders=1&stats=1&limit=5000&bounds=39%2C-39%2C-29%2C55 HTTP/1.1" 200 None
DEBUG:urllib3.connectionpool:Starting new HTTPS connection (1): www.flightradar24.com:443
DEBUG:urllib3.connectionpool:https://www.flightradar24.com:443 "GET /airports/traffic-stats/?airport=TFN HTTP/1.1" 200 None
DEBUG:urllib3.connectionpool:Starting new HTTPS connection (1): www.flightradar24.com:443
DEBUG:urllib3.connectionpool:https://www.flightradar24.com:443 "GET /airports/traffic-stats/?airport=BCN HTTP/1.1" 200 None
DEBUG:urllib3.connectionpool:Starting new HTTPS connection (1): data-live.flightradar24.com:443
INFO:werkzeug:[31m[1mWARNING: This is a development server. Do not use it in a production deployment. Use a production WSGI server instead.[0m
 * Running on http://127.0.0.1:5000
INFO:werkzeug:[33mPress CTRL+C to quit[0m
DEBUG:urllib3.connectionpool:https://data-live.flightradar24.com:443 "GET /clickhandler/?flight=32fddfdf HTTP/1.1" 200 None
DEBUG:urllib3.connectionpool:Starting new HTTPS connection (1): data-live.flightradar24.com:443
DEBUG:urllib3.connectionpool:https://data-live.flightradar24.com:443 "GET /clickhandler/?flight=32fddfdf HTTP/1.1" 200 None
DEBUG:urllib3.connectionpool:Starting new HTTPS connection (1): data-live.flightradar24.com:443
DEBUG:urllib3.connectionpool:https://data-live.flightradar24.com:443 "GET /clickhandler/?flight=32fddfdf HTTP/1.1" 200 None
DEBUG:urllib3.connectionpool:Starting new HTTPS connection (1): data-live.flightradar24.com:443
DEBUG:urllib3.connectionpool:https://data-live.flightradar24.com:443 "GET /clickhandler/?flight=32fddfdf HTTP/1.1" 200 None
DEBUG:urllib3.connectionpool:Starting new HTTPS connection (1): data-live.flightradar24.com:443
DEBUG:urllib3.connectionpool:https://data-live.flightradar24.com:443 "GET /clickhandler/?flight=32fddfdf HTTP/1.1" 200 None
DEBUG:urllib3.connectionpool:Starting new HTTPS connection (1): data-live.flightradar24.com:443
DEBUG:urllib3.connectionpool:https://data-live.flightradar24.com:443 "GET /clickhandler/?flight=32fddfdf HTTP/1.1" 200 None
DEBUG:urllib3.connectionpool:Starting new HTTPS connection (1): data-live.flightradar24.com:443
DEBUG:urllib3.connectionpool:https://data-live.flightradar24.com:443 "GET /clickhandler/?flight=32fddfdf HTTP/1.1" 200 None
DEBUG:urllib3.connectionpool:Starting new HTTPS connection (1): data-live.flightradar24.com:443
DEBUG:urllib3.connectionpool:https://data-live.flightradar24.com:443 "GET /clickhandler/?flight=32fddfdf HTTP/1.1" 200 None
DEBUG:urllib3.connectionpool:Starting new HTTPS connection (1): data-live.flightradar24.com:443
DEBUG:urllib3.connectionpool:https://data-live.flightradar24.com:443 "GET /clickhandler/?flight=32fddfdf HTTP/1.1" 200 None
DEBUG:urllib3.connectionpool:Starting new HTTPS connection (1): data-live.flightradar24.com:443
DEBUG:urllib3.connectionpool:https://data-live.flightradar24.com:443 "GET /clickhandler/?flight=32fddfdf HTTP/1.1" 200 None
DEBUG:urllib3.connectionpool:Starting new HTTPS connection (1): data-live.flightradar24.com:443
DEBUG:urllib3.connectionpool:https://data-live.flightradar24.com:443 "GET /clickhandler/?flight=32fddfdf HTTP/1.1" 200 None
DEBUG:urllib3.connectionpool:Starting new HTTPS connection (1): data-live.flightradar24.com:443
DEBUG:urllib3.connectionpool:https://data-live.flightradar24.com:443 "GET /clickhandler/?flight=32fddfdf HTTP/1.1" 200 None
DEBUG:urllib3.connectionpool:Starting new HTTPS connection (1): data-live.flightradar24.com:443
DEBUG:urllib3.connectionpool:https://data-live.flightradar24.com:443 "GET /clickhandler/?flight=32fddfdf HTTP/1.1" 200 None
DEBUG:urllib3.connectionpool:Starting new HTTPS connection (1): data-live.flightradar24.com:443
DEBUG:urllib3.connectionpool:https://data-live.flightradar24.com:443 "GET /clickhandler/?flight=32fddfdf HTTP/1.1" 200 None
DEBUG:urllib3.connectionpool:Starting new HTTPS connection (1): data-live.flightradar24.com:443
DEBUG:urllib3.connectionpool:https://data-live.flightradar24.com:443 "GET /clickhandler/?flight=32fddfdf HTTP/1.1" 200 None
DEBUG:urllib3.connectionpool:Starting new HTTPS connection (1): data-live.flightradar24.com:443
DEBUG:urllib3.connectionpool:https://data-live.flightradar24.com:443 "GET /clickhandler/?flight=32fddfdf HTTP/1.1" 200 None
DEBUG:urllib3.connectionpool:Starting new HTTPS connection (1): data-live.flightradar24.com:443
DEBUG:urllib3.connectionpool:https://data-live.flightradar24.com:443 "GET /clickhandler/?flight=32fddfdf HTTP/1.1" 200 None
DEBUG:urllib3.connectionpool:Starting new HTTPS connection (1): data-live.flightradar24.com:443
DEBUG:urllib3.connectionpool:https://data-live.flightradar24.com:443 "GET /clickhandler/?flight=32fddfdf HTTP/1.1" 200 None
DEBUG:urllib3.connectionpool:Starting new HTTPS connection (1): data-live.flightradar24.com:443
DEBUG:urllib3.connectionpool:https://data-live.flightradar24.com:443 "GET /clickhandler/?flight=32fddfdf HTTP/1.1" 200 None
DEBUG:urllib3.connectionpool:Starting new HTTPS connection (1): data-live.flightradar24.com:443
DEBUG:urllib3.connectionpool:https://data-live.flightradar24.com:443 "GET /clickhandler/?flight=32fddfdf HTTP/1.1" 200 None
DEBUG:urllib3.connectionpool:Starting new HTTPS connection (1): data-live.flightradar24.com:443
DEBUG:urllib3.connectionpool:https://data-live.flightradar24.com:443 "GET /clickhandler/?flight=32fddfdf HTTP/1.1" 200 None
DEBUG:urllib3.connectionpool:Starting new HTTPS connection (1): data-live.flightradar24.com:443
DEBUG:urllib3.connectionpool:https://data-live.flightradar24.com:443 "GET /clickhandler/?flight=32fddfdf HTTP/1.1" 200 None
DEBUG:urllib3.connectionpool:Starting new HTTPS connection (1): data-live.flightradar24.com:443
DEBUG:urllib3.connectionpool:https://data-live.flightradar24.com:443 "GET /clickhandler/?flight=32fddfdf HTTP/1.1" 200 None
DEBUG:urllib3.connectionpool:Starting new HTTPS connection (1): data-live.flightradar24.com:443
DEBUG:urllib3.connectionpool:https://data-live.flightradar24.com:443 "GET /clickhandler/?flight=32fddfdf HTTP/1.1" 200 None
DEBUG:urllib3.connectionpool:Starting new HTTPS connection (1): data-live.flightradar24.com:443
DEBUG:urllib3.connectionpool:https://data-live.flightradar24.com:443 "GET /clickhandler/?flight=32fddfdf HTTP/1.1" 200 None
DEBUG:urllib3.connectionpool:Starting new HTTPS connection (1): data-live.flightradar24.com:443
DEBUG:urllib3.connectionpool:https://data-live.flightradar24.com:443 "GET /clickhandler/?flight=32fddfdf HTTP/1.1" 200 None
DEBUG:urllib3.connectionpool:Starting new HTTPS connection (1): data-live.flightradar24.com:443
DEBUG:urllib3.connectionpool:https://data-live.flightradar24.com:443 "GET /clickhandler/?flight=32fddfdf HTTP/1.1" 200 None
DEBUG:urllib3.connectionpool:Starting new HTTPS connection (1): data-live.flightradar24.com:443
DEBUG:urllib3.connectionpool:https://data-live.flightradar24.com:443 "GET /clickhandler/?flight=32fddfdf HTTP/1.1" 200 None
DEBUG:urllib3.connectionpool:Starting new HTTPS connection (1): data-live.flightradar24.com:443
DEBUG:urllib3.connectionpool:https://data-live.flightradar24.com:443 "GET /clickhandler/?flight=32fddfdf HTTP/1.1" 200 None
DEBUG:urllib3.connectionpool:Starting new HTTPS connection (1): data-live.flightradar24.com:443
DEBUG:urllib3.connectionpool:https://data-live.flightradar24.com:443 "GET /clickhandler/?flight=32fddfdf HTTP/1.1" 200 None
DEBUG:urllib3.connectionpool:Starting new HTTPS connection (1): data-live.flightradar24.com:443
DEBUG:urllib3.connectionpool:https://data-live.flightradar24.com:443 "GET /clickhandler/?flight=32fddfdf HTTP/1.1" 200 None
DEBUG:urllib3.connectionpool:Starting new HTTPS connection (1): data-live.flightradar24.com:443
DEBUG:urllib3.connectionpool:https://data-live.flightradar24.com:443 "GET /clickhandler/?flight=32fddfdf HTTP/1.1" 200 None
DEBUG:urllib3.connectionpool:Starting new HTTPS connection (1): data-live.flightradar24.com:443
DEBUG:urllib3.connectionpool:https://data-live.flightradar24.com:443 "GET /clickhandler/?flight=32fddfdf HTTP/1.1" 200 None
DEBUG:urllib3.connectionpool:Starting new HTTPS connection (1): data-live.flightradar24.com:443
DEBUG:urllib3.connectionpool:https://data-live.flightradar24.com:443 "GET /clickhandler/?flight=32fddfdf HTTP/1.1" 200 None
DEBUG:urllib3.connectionpool:Starting new HTTPS connection (1): data-live.flightradar24.com:443
DEBUG:urllib3.connectionpool:https://data-live.flightradar24.com:443 "GET /clickhandler/?flight=32fddfdf HTTP/1.1" 200 None
DEBUG:urllib3.connectionpool:Starting new HTTPS connection (1): data-live.flightradar24.com:443
DEBUG:urllib3.connectionpool:https://data-live.flightradar24.com:443 "GET /clickhandler/?flight=32fddfdf HTTP/1.1" 200 None
DEBUG:urllib3.connectionpool:Starting new HTTPS connection (1): data-live.flightradar24.com:443
DEBUG:urllib3.connectionpool:https://data-live.flightradar24.com:443 "GET /clickhandler/?flight=32fddfdf HTTP/1.1" 200 None
DEBUG:urllib3.connectionpool:Starting new HTTPS connection (1): data-live.flightradar24.com:443
DEBUG:urllib3.connectionpool:Starting new HTTPS connection (1): data-live.flightradar24.com:443
DEBUG:urllib3.connectionpool:https://data-live.flightradar24.com:443 "GET /clickhandler/?flight=32fddfdf HTTP/1.1" 200 None
DEBUG:urllib3.connectionpool:https://data-live.flightradar24.com:443 "GET /clickhandler/?flight=32fddfdf HTTP/1.1" 200 None
DEBUG:urllib3.connectionpool:Starting new HTTPS connection (1): data-live.flightradar24.com:443
DEBUG:urllib3.connectionpool:https://data-live.flightradar24.com:443 "GET /clickhandler/?flight=32fddfdf HTTP/1.1" 200 None
DEBUG:urllib3.connectionpool:Starting new HTTPS connection (1): data-live.flightradar24.com:443
DEBUG:urllib3.connectionpool:https://data-live.flightradar24.com:443 "GET /clickhandler/?flight=32fddfdf HTTP/1.1" 200 None
DEBUG:urllib3.connectionpool:Starting new HTTPS connection (1): data-live.flightradar24.com:443
DEBUG:urllib3.connectionpool:https://data-live.flightradar24.com:443 "GET /clickhandler/?flight=32fddfdf HTTP/1.1" 200 None
DEBUG:urllib3.connectionpool:Starting new HTTPS connection (1): data-live.flightradar24.com:443
DEBUG:urllib3.connectionpool:Starting new HTTPS connection (1): data-live.flightradar24.com:443
DEBUG:urllib3.connectionpool:https://data-live.flightradar24.com:443 "GET /clickhandler/?flight=32fddfdf HTTP/1.1" 200 None
DEBUG:urllib3.connectionpool:Starting new HTTPS connection (1): data-live.flightradar24.com:443
DEBUG:urllib3.connectionpool:https://data-live.flightradar24.com:443 "GET /clickhandler/?flight=32fddfdf HTTP/1.1" 200 None
DEBUG:urllib3.connectionpool:https://data-live.flightradar24.com:443 "GET /clickhandler/?flight=32fddfdf HTTP/1.1" 200 None
DEBUG:urllib3.connectionpool:Starting new HTTPS connection (1): data-live.flightradar24.com:443
DEBUG:urllib3.connectionpool:https://data-live.flightradar24.com:443 "GET /clickhandler/?flight=32fddfdf HTTP/1.1" 200 None
DEBUG:urllib3.connectionpool:Starting new HTTPS connection (1): data-live.flightradar24.com:443
DEBUG:urllib3.connectionpool:https://data-live.flightradar24.com:443 "GET /clickhandler/?flight=32fddfdf HTTP/1.1" 200 None
DEBUG:urllib3.connectionpool:Starting new HTTPS connection (1): data-live.flightradar24.com:443
DEBUG:urllib3.connectionpool:https://data-live.flightradar24.com:443 "GET /clickhandler/?flight=32fddfdf HTTP/1.1" 200 None
DEBUG:urllib3.connectionpool:Starting new HTTPS connection (1): data-live.flightradar24.com:443
DEBUG:urllib3.connectionpool:Starting new HTTPS connection (1): data-live.flightradar24.com:443
DEBUG:urllib3.connectionpool:Starting new HTTPS connection (1): data-live.flightradar24.com:443
DEBUG:urllib3.connectionpool:https://data-live.flightradar24.com:443 "GET /clickhandler/?flight=32fddfdf HTTP/1.1" 200 None
DEBUG:urllib3.connectionpool:https://data-live.flightradar24.com:443 "GET /clickhandler/?flight=32fddfdf HTTP/1.1" 200 None
DEBUG:urllib3.connectionpool:https://data-live.flightradar24.com:443 "GET /clickhandler/?flight=32fddfdf HTTP/1.1" 200 None
DEBUG:urllib3.connectionpool:Starting new HTTPS connection (1): data-live.flightradar24.com:443
DEBUG:urllib3.connectionpool:https://data-live.flightradar24.com:443 "GET /clickhandler/?flight=32fddfdf HTTP/1.1" 200 None
DEBUG:urllib3.connectionpool:Starting new HTTPS connection (1): data-live.flightradar24.com:443
DEBUG:urllib3.connectionpool:https://data-live.flightradar24.com:443 "GET /clickhandler/?flight=32fddfdf HTTP/1.1" 200 None
DEBUG:urllib3.connectionpool:Starting new HTTPS connection (1): data-live.flightradar24.com:443
DEBUG:urllib3.connectionpool:https://data-live.flightradar24.com:443 "GET /clickhandler/?flight=32fddfdf HTTP/1.1" 200 None
DEBUG:urllib3.connectionpool:Starting new HTTPS connection (1): data-live.flightradar24.com:443
DEBUG:urllib3.connectionpool:Starting new HTTPS connection (1): data-live.flightradar24.com:443
DEBUG:urllib3.connectionpool:Starting new HTTPS connection (1): data-live.flightradar24.com:443
DEBUG:urllib3.connectionpool:https://data-live.flightradar24.com:443 "GET /clickhandler/?flight=32fddfdf HTTP/1.1" 200 None
DEBUG:urllib3.connectionpool:https://data-live.flightradar24.com:443 "GET /clickhandler/?flight=32fddfdf HTTP/1.1" 200 None
DEBUG:urllib3.connectionpool:https://data-live.flightradar24.com:443 "GET /clickhandler/?flight=32fddfdf HTTP/1.1" 200 None
DEBUG:urllib3.connectionpool:Starting new HTTPS connection (1): data-live.flightradar24.com:443
DEBUG:urllib3.connectionpool:https://data-live.flightradar24.com:443 "GET /clickhandler/?flight=32fddfdf HTTP/1.1" 200 None
DEBUG:urllib3.connectionpool:Starting new HTTPS connection (1): data-live.flightradar24.com:443
DEBUG:urllib3.connectionpool:https://data-live.flightradar24.com:443 "GET /clickhandler/?flight=32fddfdf HTTP/1.1" 200 None
DEBUG:urllib3.connectionpool:Starting new HTTPS connection (1): data-live.flightradar24.com:443
DEBUG:urllib3.connectionpool:https://data-live.flightradar24.com:443 "GET /clickhandler/?flight=32fddfdf HTTP/1.1" 200 None
DEBUG:urllib3.connectionpool:Starting new HTTPS connection (1): data-live.flightradar24.com:443
DEBUG:urllib3.connectionpool:Starting new HTTPS connection (1): data-live.flightradar24.com:443
DEBUG:urllib3.connectionpool:Starting new HTTPS connection (1): data-live.flightradar24.com:443
DEBUG:urllib3.connectionpool:https://data-live.flightradar24.com:443 "GET /clickhandler/?flight=32fddfdf HTTP/1.1" 200 None
DEBUG:urllib3.connectionpool:https://data-live.flightradar24.com:443 "GET /clickhandler/?flight=32fddfdf HTTP/1.1" 200 None
DEBUG:urllib3.connectionpool:https://data-live.flightradar24.com:443 "GET /clickhandler/?flight=32fddfdf HTTP/1.1" 200 None
DEBUG:urllib3.connectionpool:Starting new HTTPS connection (1): data-live.flightradar24.com:443
DEBUG:urllib3.connectionpool:https://data-live.flightradar24.com:443 "GET /clickhandler/?flight=32fddfdf HTTP/1.1" 200 None
DEBUG:urllib3.connectionpool:Starting new HTTPS connection (1): data-live.flightradar24.com:443
DEBUG:urllib3.connectionpool:https://data-live.flightradar24.com:443 "GET /clickhandler/?flight=32fddfdf HTTP/1.1" 200 None
DEBUG:urllib3.connectionpool:Starting new HTTPS connection (1): data-live.flightradar24.com:443
DEBUG:urllib3.connectionpool:https://data-live.flightradar24.com:443 "GET /clickhandler/?flight=32fddfdf HTTP/1.1" 200 None
DEBUG:urllib3.connectionpool:Starting new HTTPS connection (1): data-live.flightradar24.com:443
DEBUG:urllib3.connectionpool:Starting new HTTPS connection (1): data-live.flightradar24.com:443
DEBUG:urllib3.connectionpool:Starting new HTTPS connection (1): data-live.flightradar24.com:443
DEBUG:urllib3.connectionpool:https://data-live.flightradar24.com:443 "GET /clickhandler/?flight=32fddfdf HTTP/1.1" 200 None
DEBUG:urllib3.connectionpool:https://data-live.flightradar24.com:443 "GET /clickhandler/?flight=32fddfdf HTTP/1.1" 200 None
DEBUG:urllib3.connectionpool:https://data-live.flightradar24.com:443 "GET /clickhandler/?flight=32fddfdf HTTP/1.1" 200 None
DEBUG:urllib3.connectionpool:Starting new HTTPS connection (1): data-live.flightradar24.com:443
DEBUG:urllib3.connectionpool:https://data-live.flightradar24.com:443 "GET /clickhandler/?flight=32fddfdf HTTP/1.1" 200 None
DEBUG:urllib3.connectionpool:Starting new HTTPS connection (1): data-live.flightradar24.com:443
DEBUG:urllib3.connectionpool:Starting new HTTPS connection (1): data-live.flightradar24.com:443
DEBUG:urllib3.connectionpool:https://data-live.flightradar24.com:443 "GET /clickhandler/?flight=32fddfdf HTTP/1.1" 200 None
DEBUG:urllib3.connectionpool:https://data-live.flightradar24.com:443 "GET /clickhandler/?flight=32fddfdf HTTP/1.1" 200 None
DEBUG:urllib3.connectionpool:Starting new HTTPS connection (1): data-live.flightradar24.com:443
DEBUG:urllib3.connectionpool:https://data-live.flightradar24.com:443 "GET /clickhandler/?flight=32fddfdf HTTP/1.1" 200 None
DEBUG:urllib3.connectionpool:Starting new HTTPS connection (1): data-live.flightradar24.com:443
DEBUG:urllib3.connectionpool:Starting new HTTPS connection (1): data-live.flightradar24.com:443
DEBUG:urllib3.connectionpool:Starting new HTTPS connection (1): data-live.flightradar24.com:443
DEBUG:urllib3.connectionpool:https://data-live.flightradar24.com:443 "GET /clickhandler/?flight=32fddfdf HTTP/1.1" 200 None
DEBUG:urllib3.connectionpool:https://data-live.flightradar24.com:443 "GET /clickhandler/?flight=32fddfdf HTTP/1.1" 200 None
DEBUG:urllib3.connectionpool:https://data-live.flightradar24.com:443 "GET /clickhandler/?flight=32fddfdf HTTP/1.1" 200 None
DEBUG:urllib3.connectionpool:Starting new HTTPS connection (1): data-live.flightradar24.com:443
DEBUG:urllib3.connectionpool:https://data-live.flightradar24.com:443 "GET /clickhandler/?flight=32fddfdf HTTP/1.1" 200 None
DEBUG:urllib3.connectionpool:Starting new HTTPS connection (1): data-live.flightradar24.com:443
DEBUG:urllib3.connectionpool:https://data-live.flightradar24.com:443 "GET /clickhandler/?flight=32fddfdf HTTP/1.1" 200 None
DEBUG:urllib3.connectionpool:Starting new HTTPS connection (1): data-live.flightradar24.com:443
DEBUG:urllib3.connectionpool:https://data-live.flightradar24.com:443 "GET /clickhandler/?flight=32fddfdf HTTP/1.1" 200 None
DEBUG:urllib3.connectionpool:Starting new HTTPS connection (1): data-live.flightradar24.com:443
DEBUG:urllib3.connectionpool:https://data-live.flightradar24.com:443 "GET /clickhandler/?flight=32fddfdf HTTP/1.1" 200 None
DEBUG:urllib3.connectionpool:Starting new HTTPS connection (1): data-live.flightradar24.com:443
DEBUG:urllib3.connectionpool:Starting new HTTPS connection (1): data-live.flightradar24.com:443
DEBUG:urllib3.connectionpool:Starting new HTTPS connection (1): data-live.flightradar24.com:443
DEBUG:urllib3.connectionpool:https://data-live.flightradar24.com:443 "GET /clickhandler/?flight=32fddfdf HTTP/1.1" 200 None
DEBUG:urllib3.connectionpool:https://data-live.flightradar24.com:443 "GET /clickhandler/?flight=32fddfdf HTTP/1.1" 200 None
DEBUG:urllib3.connectionpool:https://data-live.flightradar24.com:443 "GET /clickhandler/?flight=32fddfdf HTTP/1.1" 200 None
DEBUG:urllib3.connectionpool:Starting new HTTPS connection (1): data-live.flightradar24.com:443
DEBUG:urllib3.connectionpool:https://data-live.flightradar24.com:443 "GET /clickhandler/?flight=32fddfdf HTTP/1.1" 200 None
DEBUG:urllib3.connectionpool:Starting new HTTPS connection (1): data-live.flightradar24.com:443
DEBUG:urllib3.connectionpool:https://data-live.flightradar24.com:443 "GET /clickhandler/?flight=32fddfdf HTTP/1.1" 200 None
DEBUG:urllib3.connectionpool:Starting new HTTPS connection (1): data-live.flightradar24.com:443
DEBUG:urllib3.connectionpool:https://data-live.flightradar24.com:443 "GET /clickhandler/?flight=32fddfdf HTTP/1.1" 200 None
DEBUG:urllib3.connectionpool:Starting new HTTPS connection (1): data-live.flightradar24.com:443
DEBUG:urllib3.connectionpool:https://data-live.flightradar24.com:443 "GET /clickhandler/?flight=32fddfdf HTTP/1.1" 200 None
DEBUG:urllib3.connectionpool:Starting new HTTPS connection (1): data-live.flightradar24.com:443
DEBUG:urllib3.connectionpool:Starting new HTTPS connection (1): data-live.flightradar24.com:443
DEBUG:urllib3.connectionpool:https://data-live.flightradar24.com:443 "GET /clickhandler/?flight=32fddfdf HTTP/1.1" 200 None
DEBUG:urllib3.connectionpool:https://data-live.flightradar24.com:443 "GET /clickhandler/?flight=32fddfdf HTTP/1.1" 200 None
DEBUG:urllib3.connectionpool:Starting new HTTPS connection (1): data-live.flightradar24.com:443
DEBUG:urllib3.connectionpool:https://data-live.flightradar24.com:443 "GET /clickhandler/?flight=32fddfdf HTTP/1.1" 200 None
DEBUG:urllib3.connectionpool:Starting new HTTPS connection (1): data-live.flightradar24.com:443
DEBUG:urllib3.connectionpool:https://data-live.flightradar24.com:443 "GET /clickhandler/?flight=32fddfdf HTTP/1.1" 200 None
DEBUG:urllib3.connectionpool:Starting new HTTPS connection (1): data-live.flightradar24.com:443
DEBUG:urllib3.connectionpool:https://data-live.flightradar24.com:443 "GET /clickhandler/?flight=32fddfdf HTTP/1.1" 200 None
DEBUG:urllib3.connectionpool:Starting new HTTPS connection (1): data-live.flightradar24.com:443
DEBUG:urllib3.connectionpool:https://data-live.flightradar24.com:443 "GET /clickhandler/?flight=32fddfdf HTTP/1.1" 200 None
DEBUG:urllib3.connectionpool:Starting new HTTPS connection (1): data-live.flightradar24.com:443
DEBUG:urllib3.connectionpool:https://data-live.flightradar24.com:443 "GET /clickhandler/?flight=32fddfdf HTTP/1.1" 200 None
DEBUG:urllib3.connectionpool:Starting new HTTPS connection (1): data-live.flightradar24.com:443
DEBUG:urllib3.connectionpool:Starting new HTTPS connection (1): data-live.flightradar24.com:443
DEBUG:urllib3.connectionpool:https://data-live.flightradar24.com:443 "GET /clickhandler/?flight=32fddfdf HTTP/1.1" 200 None
DEBUG:urllib3.connectionpool:https://data-live.flightradar24.com:443 "GET /clickhandler/?flight=32fddfdf HTTP/1.1" 200 None
DEBUG:urllib3.connectionpool:Starting new HTTPS connection (1): data-live.flightradar24.com:443
DEBUG:urllib3.connectionpool:https://data-live.flightradar24.com:443 "GET /clickhandler/?flight=32fddfdf HTTP/1.1" 200 None
DEBUG:urllib3.connectionpool:Starting new HTTPS connection (1): data-live.flightradar24.com:443
DEBUG:urllib3.connectionpool:https://data-live.flightradar24.com:443 "GET /clickhandler/?flight=32fddfdf HTTP/1.1" 200 None
DEBUG:urllib3.connectionpool:Starting new HTTPS connection (1): data-live.flightradar24.com:443
DEBUG:urllib3.connectionpool:https://data-live.flightradar24.com:443 "GET /clickhandler/?flight=32fddfdf HTTP/1.1" 200 None
DEBUG:urllib3.connectionpool:Starting new HTTPS connection (1): data-live.flightradar24.com:443
DEBUG:urllib3.connectionpool:https://data-live.flightradar24.com:443 "GET /clickhandler/?flight=32fddfdf HTTP/1.1" 200 None
DEBUG:urllib3.connectionpool:Starting new HTTPS connection (1): data-live.flightradar24.com:443
DEBUG:urllib3.connectionpool:https://data-live.flightradar24.com:443 "GET /clickhandler/?flight=32fddfdf HTTP/1.1" 200 None
DEBUG:urllib3.connectionpool:Starting new HTTPS connection (1): data-live.flightradar24.com:443
DEBUG:urllib3.connectionpool:Starting new HTTPS connection (1): data-live.flightradar24.com:443
DEBUG:urllib3.connectionpool:https://data-live.flightradar24.com:443 "GET /clickhandler/?flight=32fddfdf HTTP/1.1" 200 None
DEBUG:urllib3.connectionpool:https://data-live.flightradar24.com:443 "GET /clickhandler/?flight=32fddfdf HTTP/1.1" 200 None
DEBUG:urllib3.connectionpool:Starting new HTTPS connection (1): data-live.flightradar24.com:443
DEBUG:urllib3.connectionpool:https://data-live.flightradar24.com:443 "GET /clickhandler/?flight=32fddfdf HTTP/1.1" 200 None
DEBUG:urllib3.connectionpool:Starting new HTTPS connection (1): data-live.flightradar24.com:443
DEBUG:urllib3.connectionpool:https://data-live.flightradar24.com:443 "GET /clickhandler/?flight=32fddfdf HTTP/1.1" 200 None
DEBUG:urllib3.connectionpool:Starting new HTTPS connection (1): data-live.flightradar24.com:443
DEBUG:urllib3.connectionpool:https://data-live.flightradar24.com:443 "GET /clickhandler/?flight=32fddfdf HTTP/1.1" 200 None
DEBUG:urllib3.connectionpool:Starting new HTTPS connection (1): data-live.flightradar24.com:443
DEBUG:urllib3.connectionpool:https://data-live.flightradar24.com:443 "GET /clickhandler/?flight=32fddfdf HTTP/1.1" 200 None
DEBUG:urllib3.connectionpool:Starting new HTTPS connection (1): data-live.flightradar24.com:443
DEBUG:urllib3.connectionpool:https://data-live.flightradar24.com:443 "GET /clickhandler/?flight=32fddfdf HTTP/1.1" 200 None
DEBUG:urllib3.connectionpool:Starting new HTTPS connection (1): data-live.flightradar24.com:443
DEBUG:urllib3.connectionpool:Starting new HTTPS connection (1): data-live.flightradar24.com:443
DEBUG:urllib3.connectionpool:https://data-live.flightradar24.com:443 "GET /clickhandler/?flight=32fddfdf HTTP/1.1" 200 None
DEBUG:urllib3.connectionpool:https://data-live.flightradar24.com:443 "GET /clickhandler/?flight=32fddfdf HTTP/1.1" 200 None
DEBUG:urllib3.connectionpool:Starting new HTTPS connection (1): data-live.flightradar24.com:443
DEBUG:urllib3.connectionpool:https://data-live.flightradar24.com:443 "GET /clickhandler/?flight=32fddfdf HTTP/1.1" 200 None
DEBUG:urllib3.connectionpool:Starting new HTTPS connection (1): data-live.flightradar24.com:443
DEBUG:urllib3.connectionpool:https://data-live.flightradar24.com:443 "GET /clickhandler/?flight=32fddfdf HTTP/1.1" 200 None
DEBUG:urllib3.connectionpool:Starting new HTTPS connection (1): data-live.flightradar24.com:443
DEBUG:urllib3.connectionpool:https://data-live.flightradar24.com:443 "GET /clickhandler/?flight=32fddfdf HTTP/1.1" 200 None
DEBUG:urllib3.connectionpool:Starting new HTTPS connection (1): data-live.flightradar24.com:443
DEBUG:urllib3.connectionpool:https://data-live.flightradar24.com:443 "GET /clickhandler/?flight=32fddfdf HTTP/1.1" 200 None
DEBUG:urllib3.connectionpool:Starting new HTTPS connection (1): data-live.flightradar24.com:443
DEBUG:urllib3.connectionpool:https://data-live.flightradar24.com:443 "GET /clickhandler/?flight=32fddfdf HTTP/1.1" 200 None
DEBUG:urllib3.connectionpool:Starting new HTTPS connection (1): data-live.flightradar24.com:443
DEBUG:urllib3.connectionpool:Starting new HTTPS connection (1): data-live.flightradar24.com:443
DEBUG:urllib3.connectionpool:Starting new HTTPS connection (1): data-live.flightradar24.com:443
DEBUG:urllib3.connectionpool:https://data-live.flightradar24.com:443 "GET /clickhandler/?flight=32fddfdf HTTP/1.1" 200 None
DEBUG:urllib3.connectionpool:https://data-live.flightradar24.com:443 "GET /clickhandler/?flight=32fddfdf HTTP/1.1" 200 None
DEBUG:urllib3.connectionpool:https://data-live.flightradar24.com:443 "GET /clickhandler/?flight=32fddfdf HTTP/1.1" 200 None
DEBUG:urllib3.connectionpool:Starting new HTTPS connection (1): data-live.flightradar24.com:443
DEBUG:urllib3.connectionpool:https://data-live.flightradar24.com:443 "GET /clickhandler/?flight=32fddfdf HTTP/1.1" 200 None
DEBUG:urllib3.connectionpool:Starting new HTTPS connection (1): data-live.flightradar24.com:443
DEBUG:urllib3.connectionpool:https://data-live.flightradar24.com:443 "GET /clickhandler/?flight=32fddfdf HTTP/1.1" 200 None
DEBUG:urllib3.connectionpool:Starting new HTTPS connection (1): data-live.flightradar24.com:443
DEBUG:urllib3.connectionpool:https://data-live.flightradar24.com:443 "GET /clickhandler/?flight=32fddfdf HTTP/1.1" 200 None
DEBUG:urllib3.connectionpool:Starting new HTTPS connection (1): data-live.flightradar24.com:443
DEBUG:urllib3.connectionpool:https://data-live.flightradar24.com:443 "GET /clickhandler/?flight=32fddfdf HTTP/1.1" 200 None
DEBUG:urllib3.connectionpool:Starting new HTTPS connection (1): data-live.flightradar24.com:443
DEBUG:urllib3.connectionpool:Starting new HTTPS connection (1): data-live.flightradar24.com:443
DEBUG:urllib3.connectionpool:Starting new HTTPS connection (1): data-live.flightradar24.com:443
DEBUG:urllib3.connectionpool:https://data-live.flightradar24.com:443 "GET /clickhandler/?flight=32fddfdf HTTP/1.1" 200 None
DEBUG:urllib3.connectionpool:https://data-live.flightradar24.com:443 "GET /clickhandler/?flight=32fddfdf HTTP/1.1" 200 None
DEBUG:urllib3.connectionpool:https://data-live.flightradar24.com:443 "GET /clickhandler/?flight=32fddfdf HTTP/1.1" 200 None
DEBUG:urllib3.connectionpool:Starting new HTTPS connection (1): data-live.flightradar24.com:443
DEBUG:urllib3.connectionpool:https://data-live.flightradar24.com:443 "GET /clickhandler/?flight=32fddfdf HTTP/1.1" 200 None
DEBUG:urllib3.connectionpool:Starting new HTTPS connection (1): data-live.flightradar24.com:443
DEBUG:urllib3.connectionpool:https://data-live.flightradar24.com:443 "GET /clickhandler/?flight=32fddfdf HTTP/1.1" 200 None
DEBUG:urllib3.connectionpool:Starting new HTTPS connection (1): data-live.flightradar24.com:443
DEBUG:urllib3.connectionpool:https://data-live.flightradar24.com:443 "GET /clickhandler/?flight=32fddfdf HTTP/1.1" 200 None
DEBUG:urllib3.connectionpool:Starting new HTTPS connection (1): data-live.flightradar24.com:443
DEBUG:urllib3.connectionpool:https://data-live.flightradar24.com:443 "GET /clickhandler/?flight=32fddfdf HTTP/1.1" 200 None
DEBUG:urllib3.connectionpool:Starting new HTTPS connection (1): data-live.flightradar24.com:443
DEBUG:urllib3.connectionpool:Starting new HTTPS connection (1): data-live.flightradar24.com:443
DEBUG:urllib3.connectionpool:Starting new HTTPS connection (1): data-live.flightradar24.com:443
DEBUG:urllib3.connectionpool:https://data-live.flightradar24.com:443 "GET /clickhandler/?flight=32fddfdf HTTP/1.1" 200 None
DEBUG:urllib3.connectionpool:https://data-live.flightradar24.com:443 "GET /clickhandler/?flight=32fddfdf HTTP/1.1" 200 None
DEBUG:urllib3.connectionpool:https://data-live.flightradar24.com:443 "GET /clickhandler/?flight=32fddfdf HTTP/1.1" 200 None
DEBUG:urllib3.connectionpool:Starting new HTTPS connection (1): data-live.flightradar24.com:443
DEBUG:urllib3.connectionpool:https://data-live.flightradar24.com:443 "GET /clickhandler/?flight=32fddfdf HTTP/1.1" 200 None
DEBUG:urllib3.connectionpool:Starting new HTTPS connection (1): data-live.flightradar24.com:443
DEBUG:urllib3.connectionpool:https://data-live.flightradar24.com:443 "GET /clickhandler/?flight=32fddfdf HTTP/1.1" 200 None
DEBUG:urllib3.connectionpool:Starting new HTTPS connection (1): data-live.flightradar24.com:443
DEBUG:urllib3.connectionpool:https://data-live.flightradar24.com:443 "GET /clickhandler/?flight=32fddfdf HTTP/1.1" 200 None
DEBUG:urllib3.connectionpool:Starting new HTTPS connection (1): data-live.flightradar24.com:443
DEBUG:urllib3.connectionpool:https://data-live.flightradar24.com:443 "GET /clickhandler/?flight=32fddfdf HTTP/1.1" 200 None
DEBUG:urllib3.connectionpool:Starting new HTTPS connection (1): data-live.flightradar24.com:443
DEBUG:urllib3.connectionpool:Starting new HTTPS connection (1): data-live.flightradar24.com:443
DEBUG:urllib3.connectionpool:Starting new HTTPS connection (1): data-live.flightradar24.com:443
DEBUG:urllib3.connectionpool:https://data-live.flightradar24.com:443 "GET /clickhandler/?flight=32fddfdf HTTP/1.1" 200 None
DEBUG:urllib3.connectionpool:https://data-live.flightradar24.com:443 "GET /clickhandler/?flight=32fddfdf HTTP/1.1" 200 None
DEBUG:urllib3.connectionpool:https://data-live.flightradar24.com:443 "GET /clickhandler/?flight=32fddfdf HTTP/1.1" 200 None
DEBUG:urllib3.connectionpool:Starting new HTTPS connection (1): data-live.flightradar24.com:443
DEBUG:urllib3.connectionpool:https://data-live.flightradar24.com:443 "GET /clickhandler/?flight=32fddfdf HTTP/1.1" 200 None
DEBUG:urllib3.connectionpool:Starting new HTTPS connection (1): data-live.flightradar24.com:443
DEBUG:urllib3.connectionpool:https://data-live.flightradar24.com:443 "GET /clickhandler/?flight=32fddfdf HTTP/1.1" 200 None
DEBUG:urllib3.connectionpool:Starting new HTTPS connection (1): data-live.flightradar24.com:443
DEBUG:urllib3.connectionpool:https://data-live.flightradar24.com:443 "GET /clickhandler/?flight=32fddfdf HTTP/1.1" 200 None
DEBUG:urllib3.connectionpool:Starting new HTTPS connection (1): data-live.flightradar24.com:443
DEBUG:urllib3.connectionpool:https://data-live.flightradar24.com:443 "GET /clickhandler/?flight=32fddfdf HTTP/1.1" 200 None
DEBUG:urllib3.connectionpool:Starting new HTTPS connection (1): data-live.flightradar24.com:443
DEBUG:urllib3.connectionpool:https://data-live.flightradar24.com:443 "GET /clickhandler/?flight=32fddfdf HTTP/1.1" 200 None
DEBUG:urllib3.connectionpool:Starting new HTTPS connection (1): data-live.flightradar24.com:443
DEBUG:urllib3.connectionpool:Starting new HTTPS connection (1): data-live.flightradar24.com:443
DEBUG:urllib3.connectionpool:Starting new HTTPS connection (1): data-live.flightradar24.com:443
DEBUG:urllib3.connectionpool:https://data-live.flightradar24.com:443 "GET /clickhandler/?flight=32fddfdf HTTP/1.1" 200 None
DEBUG:urllib3.connectionpool:https://data-live.flightradar24.com:443 "GET /clickhandler/?flight=32fddfdf HTTP/1.1" 200 None
DEBUG:urllib3.connectionpool:https://data-live.flightradar24.com:443 "GET /clickhandler/?flight=32fddfdf HTTP/1.1" 200 None
DEBUG:urllib3.connectionpool:Starting new HTTPS connection (1): data-live.flightradar24.com:443
DEBUG:urllib3.connectionpool:https://data-live.flightradar24.com:443 "GET /clickhandler/?flight=32fddfdf HTTP/1.1" 200 None
DEBUG:urllib3.connectionpool:Starting new HTTPS connection (1): data-live.flightradar24.com:443
DEBUG:urllib3.connectionpool:https://data-live.flightradar24.com:443 "GET /clickhandler/?flight=32fddfdf HTTP/1.1" 200 None
DEBUG:urllib3.connectionpool:Starting new HTTPS connection (1): data-live.flightradar24.com:443
DEBUG:urllib3.connectionpool:https://data-live.flightradar24.com:443 "GET /clickhandler/?flight=32fddfdf HTTP/1.1" 200 None
DEBUG:urllib3.connectionpool:Starting new HTTPS connection (1): data-live.flightradar24.com:443
DEBUG:urllib3.connectionpool:https://data-live.flightradar24.com:443 "GET /clickhandler/?flight=32fddfdf HTTP/1.1" 200 None
DEBUG:urllib3.connectionpool:Starting new HTTPS connection (1): data-live.flightradar24.com:443
DEBUG:urllib3.connectionpool:https://data-live.flightradar24.com:443 "GET /clickhandler/?flight=32fddfdf HTTP/1.1" 200 None
DEBUG:urllib3.connectionpool:Starting new HTTPS connection (1): data-live.flightradar24.com:443
DEBUG:urllib3.connectionpool:Starting new HTTPS connection (1): data-live.flightradar24.com:443
DEBUG:urllib3.connectionpool:Starting new HTTPS connection (1): data-live.flightradar24.com:443
DEBUG:urllib3.connectionpool:https://data-live.flightradar24.com:443 "GET /clickhandler/?flight=32fddfdf HTTP/1.1" 200 None
DEBUG:urllib3.connectionpool:https://data-live.flightradar24.com:443 "GET /clickhandler/?flight=32fddfdf HTTP/1.1" 200 None
DEBUG:urllib3.connectionpool:https://data-live.flightradar24.com:443 "GET /clickhandler/?flight=32fddfdf HTTP/1.1" 200 None
DEBUG:urllib3.connectionpool:Starting new HTTPS connection (1): data-live.flightradar24.com:443
DEBUG:urllib3.connectionpool:https://data-live.flightradar24.com:443 "GET /clickhandler/?flight=32fddfdf HTTP/1.1" 200 None
DEBUG:urllib3.connectionpool:Starting new HTTPS connection (1): data-live.flightradar24.com:443
DEBUG:urllib3.connectionpool:https://data-live.flightradar24.com:443 "GET /clickhandler/?flight=32fddfdf HTTP/1.1" 200 None
DEBUG:urllib3.connectionpool:Starting new HTTPS connection (1): data-live.flightradar24.com:443
DEBUG:urllib3.connectionpool:https://data-live.flightradar24.com:443 "GET /clickhandler/?flight=32fddfdf HTTP/1.1" 200 None
DEBUG:urllib3.connectionpool:Starting new HTTPS connection (1): data-live.flightradar24.com:443
DEBUG:urllib3.connectionpool:https://data-live.flightradar24.com:443 "GET /clickhandler/?flight=32fddfdf HTTP/1.1" 200 None
DEBUG:urllib3.connectionpool:Starting new HTTPS connection (1): data-live.flightradar24.com:443
DEBUG:urllib3.connectionpool:https://data-live.flightradar24.com:443 "GET /clickhandler/?flight=32fddfdf HTTP/1.1" 200 None
DEBUG:urllib3.connectionpool:Starting new HTTPS connection (1): data-live.flightradar24.com:443
DEBUG:urllib3.connectionpool:Starting new HTTPS connection (1): data-live.flightradar24.com:443
DEBUG:urllib3.connectionpool:Starting new HTTPS connection (1): data-live.flightradar24.com:443
DEBUG:urllib3.connectionpool:https://data-live.flightradar24.com:443 "GET /clickhandler/?flight=32fddfdf HTTP/1.1" 200 None
DEBUG:urllib3.connectionpool:https://data-live.flightradar24.com:443 "GET /clickhandler/?flight=32fddfdf HTTP/1.1" 200 None
DEBUG:urllib3.connectionpool:https://data-live.flightradar24.com:443 "GET /clickhandler/?flight=32fddfdf HTTP/1.1" 200 None
DEBUG:urllib3.connectionpool:Starting new HTTPS connection (1): data-live.flightradar24.com:443
DEBUG:urllib3.connectionpool:https://data-live.flightradar24.com:443 "GET /clickhandler/?flight=32fddfdf HTTP/1.1" 200 None
DEBUG:urllib3.connectionpool:Starting new HTTPS connection (1): data-live.flightradar24.com:443
DEBUG:urllib3.connectionpool:https://data-live.flightradar24.com:443 "GET /clickhandler/?flight=32fddfdf HTTP/1.1" 200 None
DEBUG:urllib3.connectionpool:Starting new HTTPS connection (1): data-live.flightradar24.com:443
DEBUG:urllib3.connectionpool:https://data-live.flightradar24.com:443 "GET /clickhandler/?flight=32fddfdf HTTP/1.1" 200 None
DEBUG:urllib3.connectionpool:Starting new HTTPS connection (1): data-live.flightradar24.com:443
DEBUG:urllib3.connectionpool:https://data-live.flightradar24.com:443 "GET /clickhandler/?flight=32fddfdf HTTP/1.1" 200 None
DEBUG:urllib3.connectionpool:Starting new HTTPS connection (1): data-live.flightradar24.com:443
DEBUG:urllib3.connectionpool:https://data-live.flightradar24.com:443 "GET /clickhandler/?flight=32fddfdf HTTP/1.1" 200 None
DEBUG:urllib3.connectionpool:Starting new HTTPS connection (1): data-live.flightradar24.com:443
DEBUG:urllib3.connectionpool:Starting new HTTPS connection (1): data-live.flightradar24.com:443
DEBUG:urllib3.connectionpool:Starting new HTTPS connection (1): data-live.flightradar24.com:443
DEBUG:urllib3.connectionpool:https://data-live.flightradar24.com:443 "GET /clickhandler/?flight=32fddfdf HTTP/1.1" 200 None
DEBUG:urllib3.connectionpool:https://data-live.flightradar24.com:443 "GET /clickhandler/?flight=32fddfdf HTTP/1.1" 200 None
DEBUG:urllib3.connectionpool:https://data-live.flightradar24.com:443 "GET /clickhandler/?flight=32fddfdf HTTP/1.1" 200 None
DEBUG:urllib3.connectionpool:Starting new HTTPS connection (1): data-live.flightradar24.com:443
DEBUG:urllib3.connectionpool:Starting new HTTPS connection (1): data-live.flightradar24.com:443
INFO:werkzeug:[31m[1mWARNING: This is a development server. Do not use it in a production deployment. Use a production WSGI server instead.[0m
 * Running on http://127.0.0.1:5000
INFO:werkzeug:[33mPress CTRL+C to quit[0m
DEBUG:urllib3.connectionpool:https://data-live.flightradar24.com:443 "GET /clickhandler/?flight=32fddfdf HTTP/1.1" 200 None
DEBUG:urllib3.connectionpool:Starting new HTTPS connection (1): data-live.flightradar24.com:443
DEBUG:urllib3.connectionpool:https://data-live.flightradar24.com:443 "GET /clickhandler/?flight=32fddfdf HTTP/1.1" 200 None
INFO:werkzeug:127.0.0.1 - - [27/Nov/2023 21:59:06] "GET /tracking_EC-NLX HTTP/1.1" 200 -
DEBUG:urllib3.connectionpool:Starting new HTTPS connection (1): data-live.flightradar24.com:443
DEBUG:urllib3.connectionpool:https://data-live.flightradar24.com:443 "GET /clickhandler/?flight=32fddfdf HTTP/1.1" 200 None
DEBUG:urllib3.connectionpool:Starting new HTTPS connection (1): data-live.flightradar24.com:443
DEBUG:urllib3.connectionpool:https://data-live.flightradar24.com:443 "GET /clickhandler/?flight=32fddfdf HTTP/1.1" 200 None
DEBUG:urllib3.connectionpool:Starting new HTTPS connection (1): data-live.flightradar24.com:443
DEBUG:urllib3.connectionpool:https://data-live.flightradar24.com:443 "GET /clickhandler/?flight=32fddfdf HTTP/1.1" 200 None
DEBUG:urllib3.connectionpool:Starting new HTTPS connection (1): data-live.flightradar24.com:443
DEBUG:urllib3.connectionpool:https://data-live.flightradar24.com:443 "GET /clickhandler/?flight=32fddfdf HTTP/1.1" 200 None
DEBUG:urllib3.connectionpool:Starting new HTTPS connection (1): data-live.flightradar24.com:443
DEBUG:urllib3.connectionpool:https://data-live.flightradar24.com:443 "GET /clickhandler/?flight=32fddfdf HTTP/1.1" 200 None
DEBUG:urllib3.connectionpool:Starting new HTTPS connection (1): data-live.flightradar24.com:443
DEBUG:urllib3.connectionpool:https://data-live.flightradar24.com:443 "GET /clickhandler/?flight=32fddfdf HTTP/1.1" 200 None
DEBUG:urllib3.connectionpool:Starting new HTTPS connection (1): data-live.flightradar24.com:443
DEBUG:urllib3.connectionpool:https://data-live.flightradar24.com:443 "GET /clickhandler/?flight=32fddfdf HTTP/1.1" 200 None
DEBUG:urllib3.connectionpool:Starting new HTTPS connection (1): data-live.flightradar24.com:443
DEBUG:urllib3.connectionpool:https://data-live.flightradar24.com:443 "GET /clickhandler/?flight=32fddfdf HTTP/1.1" 200 None
DEBUG:urllib3.connectionpool:Starting new HTTPS connection (1): data-live.flightradar24.com:443
DEBUG:urllib3.connectionpool:https://data-live.flightradar24.com:443 "GET /clickhandler/?flight=32fddfdf HTTP/1.1" 200 None
DEBUG:urllib3.connectionpool:Starting new HTTPS connection (1): data-live.flightradar24.com:443
DEBUG:urllib3.connectionpool:https://data-live.flightradar24.com:443 "GET /clickhandler/?flight=32fddfdf HTTP/1.1" 200 None
DEBUG:urllib3.connectionpool:Starting new HTTPS connection (1): data-live.flightradar24.com:443
DEBUG:urllib3.connectionpool:https://data-live.flightradar24.com:443 "GET /clickhandler/?flight=32fddfdf HTTP/1.1" 200 None
DEBUG:urllib3.connectionpool:Starting new HTTPS connection (1): data-live.flightradar24.com:443
DEBUG:urllib3.connectionpool:https://data-live.flightradar24.com:443 "GET /clickhandler/?flight=32fddfdf HTTP/1.1" 200 None
